[90mSat, 27 Dec 2025 01:40:49 +0100[0m [32mINF[0m [1mgithub.com/Telmate/terraform-provider-proxmox/proxmox/util.go:159[0m[36m >[0m Enabling the capture of log-library logs as ithe _capturelog flag was detected
[90mSat, 27 Dec 2025 01:40:49 +0100[0m [32mINF[0m [1mgithub.com/Telmate/terraform-provider-proxmox/proxmox/util.go:192[0m[36m >[0m Logging Started. Root Logger Set to level debug
[90mSat, 27 Dec 2025 01:42:55 +0100[0m [32mINF[0m [1mgithub.com/Telmate/terraform-provider-proxmox/proxmox/util.go:159[0m[36m >[0m Enabling the capture of log-library logs as ithe _capturelog flag was detected
[90mSat, 27 Dec 2025 01:42:55 +0100[0m [32mINF[0m [1mgithub.com/Telmate/terraform-provider-proxmox/proxmox/util.go:192[0m[36m >[0m Logging Started. Root Logger Set to level debug
[90mSat, 27 Dec 2025 01:43:21 +0100[0m [32mINF[0m [1mgithub.com/Telmate/terraform-provider-proxmox/proxmox/util.go:159[0m[36m >[0m Enabling the capture of log-library logs as ithe _capturelog flag was detected
[90mSat, 27 Dec 2025 01:43:21 +0100[0m [32mINF[0m [1mgithub.com/Telmate/terraform-provider-proxmox/proxmox/util.go:192[0m[36m >[0m Logging Started. Root Logger Set to level debug
[90mSat, 27 Dec 2025 01:43:26 +0100[0m [32mINF[0m [1mgithub.com/Telmate/terraform-provider-proxmox/proxmox/util.go:159[0m[36m >[0m Enabling the capture of log-library logs as ithe _capturelog flag was detected
[90mSat, 27 Dec 2025 01:43:26 +0100[0m [32mINF[0m [1mgithub.com/Telmate/terraform-provider-proxmox/proxmox/util.go:192[0m[36m >[0m Logging Started. Root Logger Set to level debug
2025/12/27 01:43:26 [DEBUG] setting computed for "unused" from ComputedKeys
2025/12/27 01:43:26 >>>>>>>>>> REQUEST:
GET /api2/json/cluster/nextid HTTP/1.1
Host: 192.168.1.10:8006
User-Agent: Go-http-client/1.1
Accept: application/json
Authorization: PVEAPIToken=root@pam!automation=83a03e46-7ce4-4999-8130-f64f660b9603
Accept-Encoding: gzip

2025/12/27 01:43:26 <<<<<<<<<< RESULT:
HTTP/1.1 200 OK
Content-Length: 14
Cache-Control: max-age=0
Connection: Keep-Alive
Content-Type: application/json;charset=UTF-8
Date: Sat, 27 Dec 2025 00:43:26 GMT
Expires: Sat, 27 Dec 2025 00:43:26 GMT
Pragma: no-cache
Server: pve-api-daemon/3.0

{"data":"100"}
2025/12/27 01:43:26 >>>>>>>>>> REQUEST:
POST /api2/json/nodes/pve/lxc HTTP/1.1
Host: 192.168.1.10:8006
User-Agent: Go-http-client/1.1
Content-Length: 1108
Accept: application/json
Authorization: PVEAPIToken=root@pam!automation=83a03e46-7ce4-4999-8130-f64f660b9603
Content-Type: application/x-www-form-urlencoded
Accept-Encoding: gzip

arch=amd64&cmode=tty&console=1&cores=2&cpulimit=0&cpuunits=1024&features=keyctl%3D1%2Cnesting%3D1&hostname=control-plane&memory=2048&nameserver=1.1.1.1&net0=tag%3D10%2Cbridge%3Dvmbr0%2Cip%3D192.168.10.99%2F24%2Cname%3Deth0%2Cgw%3D192.168.10.1&onboot=1&ostemplate=local%3Avztmpl%2Fubuntu-24.04-standard_24.04-2_amd64.tar.zst&password=your-secure-password-here&protection=0&rootfs=local-lvm%3A20&ssh-public-keys=ssh-rsa+AAAAB3NzaC1yc2EAAAADAQABAAABgQCouRsnZwzAf%2FMQGTeopeu770tbNQDRK5bmkJw8IghKe3aqxSSjiYZunv28y64lc98HkRPrQM1FIcxrrmXllRtY6EQsfEVEoRpHrT%2BSoOdl8P%2FNNSrr7VtXUUQXDRal%2BzNh1xi%2BkAb90egBf7JWugBFwn4aHDhDbBGcpyC1bzkgYoOYj5iZoWOfISV2gQ4PJe8KSJa3NjmonBIFd%2BbC3FKCw2oJfs40%2FPyIVc6qLcVwjYzG86p%2BcoKZ2aHfU8AxuwqYGqrTLrfxvgwH3p7a9oPZt26Fsqijh3kWiGtwHKJzd%2Fam9Gfy6Wn13gcAlgIWs%2FyaCpK8Gu4mws8hAU5pfhucI0nY2IDZLKrjDBkWCi513XoQxa0sUZeGmD%2FO14bIzoMx2rM5HDKLbsvNNbs1WtDMZAWtszxlow78n5cwupfZjtXtCSyk4pKxQXKTn2Vl5XhDo%2FOYKrScIMJxjbfTUOyWrFIP0xpY0wWUCcOsP8K83l60SDP3e6%2B%2BRZFfew5FmsU%3D+sornor%40litel%0A&start=1&storage=local&swap=512&tags=iac%3Bcontrol-plane%3Bterraform&tty=2&unprivileged=0&vmid=100
2025/12/27 01:43:26 <<<<<<<<<< RESULT:
HTTP/1.1 500 hostname lookup 'pve' failed - failed to get address info for: pve: Name or service not known
Connection: close
Content-Length: 121
Cache-Control: max-age=0
Content-Type: application/json;charset=UTF-8
Date: Sat, 27 Dec 2025 00:43:26 GMT
Expires: Sat, 27 Dec 2025 00:43:26 GMT
Pragma: no-cache
Server: pve-api-daemon/3.0

{"data":null,"message":"hostname lookup 'pve' failed - failed to get address info for: pve: Name or service not known\n"}
[90mSat, 27 Dec 2025 01:43:47 +0100[0m [32mINF[0m [1mgithub.com/Telmate/terraform-provider-proxmox/proxmox/util.go:159[0m[36m >[0m Enabling the capture of log-library logs as ithe _capturelog flag was detected
[90mSat, 27 Dec 2025 01:43:47 +0100[0m [32mINF[0m [1mgithub.com/Telmate/terraform-provider-proxmox/proxmox/util.go:192[0m[36m >[0m Logging Started. Root Logger Set to level debug
[90mSat, 27 Dec 2025 01:43:49 +0100[0m [32mINF[0m [1mgithub.com/Telmate/terraform-provider-proxmox/proxmox/util.go:159[0m[36m >[0m Enabling the capture of log-library logs as ithe _capturelog flag was detected
[90mSat, 27 Dec 2025 01:43:49 +0100[0m [32mINF[0m [1mgithub.com/Telmate/terraform-provider-proxmox/proxmox/util.go:192[0m[36m >[0m Logging Started. Root Logger Set to level debug
2025/12/27 01:43:49 [DEBUG] setting computed for "unused" from ComputedKeys
2025/12/27 01:43:49 >>>>>>>>>> REQUEST:
GET /api2/json/cluster/nextid HTTP/1.1
Host: 192.168.1.10:8006
User-Agent: Go-http-client/1.1
Accept: application/json
Authorization: PVEAPIToken=root@pam!automation=83a03e46-7ce4-4999-8130-f64f660b9603
Accept-Encoding: gzip

2025/12/27 01:43:49 <<<<<<<<<< RESULT:
HTTP/1.1 200 OK
Content-Length: 14
Cache-Control: max-age=0
Connection: Keep-Alive
Content-Type: application/json;charset=UTF-8
Date: Sat, 27 Dec 2025 00:43:49 GMT
Expires: Sat, 27 Dec 2025 00:43:49 GMT
Pragma: no-cache
Server: pve-api-daemon/3.0

{"data":"100"}
2025/12/27 01:43:49 >>>>>>>>>> REQUEST:
POST /api2/json/nodes/pve-main/lxc HTTP/1.1
Host: 192.168.1.10:8006
User-Agent: Go-http-client/1.1
Content-Length: 1108
Accept: application/json
Authorization: PVEAPIToken=root@pam!automation=83a03e46-7ce4-4999-8130-f64f660b9603
Content-Type: application/x-www-form-urlencoded
Accept-Encoding: gzip

arch=amd64&cmode=tty&console=1&cores=2&cpulimit=0&cpuunits=1024&features=nesting%3D1%2Ckeyctl%3D1&hostname=control-plane&memory=2048&nameserver=1.1.1.1&net0=name%3Deth0%2Cgw%3D192.168.10.1%2Ctag%3D10%2Cip%3D192.168.10.99%2F24%2Cbridge%3Dvmbr0&onboot=1&ostemplate=local%3Avztmpl%2Fubuntu-24.04-standard_24.04-2_amd64.tar.zst&password=your-secure-password-here&protection=0&rootfs=local-lvm%3A20&ssh-public-keys=ssh-rsa+AAAAB3NzaC1yc2EAAAADAQABAAABgQCouRsnZwzAf%2FMQGTeopeu770tbNQDRK5bmkJw8IghKe3aqxSSjiYZunv28y64lc98HkRPrQM1FIcxrrmXllRtY6EQsfEVEoRpHrT%2BSoOdl8P%2FNNSrr7VtXUUQXDRal%2BzNh1xi%2BkAb90egBf7JWugBFwn4aHDhDbBGcpyC1bzkgYoOYj5iZoWOfISV2gQ4PJe8KSJa3NjmonBIFd%2BbC3FKCw2oJfs40%2FPyIVc6qLcVwjYzG86p%2BcoKZ2aHfU8AxuwqYGqrTLrfxvgwH3p7a9oPZt26Fsqijh3kWiGtwHKJzd%2Fam9Gfy6Wn13gcAlgIWs%2FyaCpK8Gu4mws8hAU5pfhucI0nY2IDZLKrjDBkWCi513XoQxa0sUZeGmD%2FO14bIzoMx2rM5HDKLbsvNNbs1WtDMZAWtszxlow78n5cwupfZjtXtCSyk4pKxQXKTn2Vl5XhDo%2FOYKrScIMJxjbfTUOyWrFIP0xpY0wWUCcOsP8K83l60SDP3e6%2B%2BRZFfew5FmsU%3D+sornor%40litel%0A&start=1&storage=local&swap=512&tags=iac%3Bcontrol-plane%3Bterraform&tty=2&unprivileged=0&vmid=100
2025/12/27 01:43:49 <<<<<<<<<< RESULT:
HTTP/1.1 403 Permission check failed (changing feature flags for privileged container is only allowed for root@pam)
Connection: close
Content-Length: 130
Cache-Control: max-age=0
Content-Type: application/json;charset=UTF-8
Date: Sat, 27 Dec 2025 00:43:49 GMT
Expires: Sat, 27 Dec 2025 00:43:49 GMT
Pragma: no-cache
Server: pve-api-daemon/3.0

{"data":null,"message":"Permission check failed (changing feature flags for privileged container is only allowed for root@pam)\n"}
[90mSat, 27 Dec 2025 01:48:37 +0100[0m [32mINF[0m [1mgithub.com/Telmate/terraform-provider-proxmox/proxmox/util.go:159[0m[36m >[0m Enabling the capture of log-library logs as ithe _capturelog flag was detected
[90mSat, 27 Dec 2025 01:48:37 +0100[0m [32mINF[0m [1mgithub.com/Telmate/terraform-provider-proxmox/proxmox/util.go:192[0m[36m >[0m Logging Started. Root Logger Set to level debug
[90mSat, 27 Dec 2025 01:48:39 +0100[0m [32mINF[0m [1mgithub.com/Telmate/terraform-provider-proxmox/proxmox/util.go:159[0m[36m >[0m Enabling the capture of log-library logs as ithe _capturelog flag was detected
[90mSat, 27 Dec 2025 01:48:39 +0100[0m [32mINF[0m [1mgithub.com/Telmate/terraform-provider-proxmox/proxmox/util.go:192[0m[36m >[0m Logging Started. Root Logger Set to level debug
2025/12/27 01:48:39 [DEBUG] setting computed for "unused" from ComputedKeys
2025/12/27 01:48:39 >>>>>>>>>> REQUEST:
GET /api2/json/cluster/nextid HTTP/1.1
Host: 192.168.1.10:8006
User-Agent: Go-http-client/1.1
Accept: application/json
Authorization: PVEAPIToken=root@pam!automation=83a03e46-7ce4-4999-8130-f64f660b9603
Accept-Encoding: gzip

2025/12/27 01:48:39 <<<<<<<<<< RESULT:
HTTP/1.1 200 OK
Content-Length: 14
Cache-Control: max-age=0
Connection: Keep-Alive
Content-Type: application/json;charset=UTF-8
Date: Sat, 27 Dec 2025 00:48:39 GMT
Expires: Sat, 27 Dec 2025 00:48:39 GMT
Pragma: no-cache
Server: pve-api-daemon/3.0

{"data":"100"}
2025/12/27 01:48:39 >>>>>>>>>> REQUEST:
POST /api2/json/nodes/pve-main/lxc HTTP/1.1
Host: 192.168.1.10:8006
User-Agent: Go-http-client/1.1
Content-Length: 1108
Accept: application/json
Authorization: PVEAPIToken=root@pam!automation=83a03e46-7ce4-4999-8130-f64f660b9603
Content-Type: application/x-www-form-urlencoded
Accept-Encoding: gzip

arch=amd64&cmode=tty&console=1&cores=2&cpulimit=0&cpuunits=1024&features=keyctl%3D1%2Cnesting%3D1&hostname=control-plane&memory=2048&nameserver=1.1.1.1&net0=ip%3D192.168.10.99%2F24%2Cgw%3D192.168.10.1%2Ctag%3D10%2Cname%3Deth0%2Cbridge%3Dvmbr0&onboot=1&ostemplate=local%3Avztmpl%2Fubuntu-24.04-standard_24.04-2_amd64.tar.zst&password=your-secure-password-here&protection=0&rootfs=local-lvm%3A20&ssh-public-keys=ssh-rsa+AAAAB3NzaC1yc2EAAAADAQABAAABgQCouRsnZwzAf%2FMQGTeopeu770tbNQDRK5bmkJw8IghKe3aqxSSjiYZunv28y64lc98HkRPrQM1FIcxrrmXllRtY6EQsfEVEoRpHrT%2BSoOdl8P%2FNNSrr7VtXUUQXDRal%2BzNh1xi%2BkAb90egBf7JWugBFwn4aHDhDbBGcpyC1bzkgYoOYj5iZoWOfISV2gQ4PJe8KSJa3NjmonBIFd%2BbC3FKCw2oJfs40%2FPyIVc6qLcVwjYzG86p%2BcoKZ2aHfU8AxuwqYGqrTLrfxvgwH3p7a9oPZt26Fsqijh3kWiGtwHKJzd%2Fam9Gfy6Wn13gcAlgIWs%2FyaCpK8Gu4mws8hAU5pfhucI0nY2IDZLKrjDBkWCi513XoQxa0sUZeGmD%2FO14bIzoMx2rM5HDKLbsvNNbs1WtDMZAWtszxlow78n5cwupfZjtXtCSyk4pKxQXKTn2Vl5XhDo%2FOYKrScIMJxjbfTUOyWrFIP0xpY0wWUCcOsP8K83l60SDP3e6%2B%2BRZFfew5FmsU%3D+sornor%40litel%0A&start=1&storage=local&swap=512&tags=iac%3Bcontrol-plane%3Bterraform&tty=2&unprivileged=0&vmid=100
2025/12/27 01:48:39 <<<<<<<<<< RESULT:
HTTP/1.1 403 Permission check failed (changing feature flags for privileged container is only allowed for root@pam)
Connection: close
Content-Length: 130
Cache-Control: max-age=0
Content-Type: application/json;charset=UTF-8
Date: Sat, 27 Dec 2025 00:48:39 GMT
Expires: Sat, 27 Dec 2025 00:48:39 GMT
Pragma: no-cache
Server: pve-api-daemon/3.0

{"data":null,"message":"Permission check failed (changing feature flags for privileged container is only allowed for root@pam)\n"}
[90mSat, 27 Dec 2025 01:52:02 +0100[0m [32mINF[0m [1mgithub.com/Telmate/terraform-provider-proxmox/proxmox/util.go:159[0m[36m >[0m Enabling the capture of log-library logs as ithe _capturelog flag was detected
[90mSat, 27 Dec 2025 01:52:02 +0100[0m [32mINF[0m [1mgithub.com/Telmate/terraform-provider-proxmox/proxmox/util.go:192[0m[36m >[0m Logging Started. Root Logger Set to level debug
[90mSat, 27 Dec 2025 01:52:04 +0100[0m [32mINF[0m [1mgithub.com/Telmate/terraform-provider-proxmox/proxmox/util.go:159[0m[36m >[0m Enabling the capture of log-library logs as ithe _capturelog flag was detected
[90mSat, 27 Dec 2025 01:52:04 +0100[0m [32mINF[0m [1mgithub.com/Telmate/terraform-provider-proxmox/proxmox/util.go:192[0m[36m >[0m Logging Started. Root Logger Set to level debug
2025/12/27 01:52:04 [DEBUG] setting computed for "unused" from ComputedKeys
2025/12/27 01:52:04 >>>>>>>>>> REQUEST:
GET /api2/json/cluster/nextid HTTP/1.1
Host: 192.168.1.10:8006
User-Agent: Go-http-client/1.1
Accept: application/json
Authorization: PVEAPIToken=root@pam!automation=83a03e46-7ce4-4999-8130-f64f660b9603
Accept-Encoding: gzip

2025/12/27 01:52:04 <<<<<<<<<< RESULT:
HTTP/1.1 200 OK
Content-Length: 14
Cache-Control: max-age=0
Connection: Keep-Alive
Content-Type: application/json;charset=UTF-8
Date: Sat, 27 Dec 2025 00:52:04 GMT
Expires: Sat, 27 Dec 2025 00:52:04 GMT
Pragma: no-cache
Server: pve-api-daemon/3.0

{"data":"100"}
2025/12/27 01:52:04 >>>>>>>>>> REQUEST:
POST /api2/json/nodes/pve-main/lxc HTTP/1.1
Host: 192.168.1.10:8006
User-Agent: Go-http-client/1.1
Content-Length: 1108
Accept: application/json
Authorization: PVEAPIToken=root@pam!automation=83a03e46-7ce4-4999-8130-f64f660b9603
Content-Type: application/x-www-form-urlencoded
Accept-Encoding: gzip

arch=amd64&cmode=tty&console=1&cores=2&cpulimit=0&cpuunits=1024&features=nesting%3D1%2Ckeyctl%3D1&hostname=control-plane&memory=2048&nameserver=1.1.1.1&net0=tag%3D10%2Cname%3Deth0%2Cbridge%3Dvmbr0%2Cgw%3D192.168.10.1%2Cip%3D192.168.10.99%2F24&onboot=1&ostemplate=local%3Avztmpl%2Fubuntu-24.04-standard_24.04-2_amd64.tar.zst&password=your-secure-password-here&protection=0&rootfs=local-lvm%3A20&ssh-public-keys=ssh-rsa+AAAAB3NzaC1yc2EAAAADAQABAAABgQCouRsnZwzAf%2FMQGTeopeu770tbNQDRK5bmkJw8IghKe3aqxSSjiYZunv28y64lc98HkRPrQM1FIcxrrmXllRtY6EQsfEVEoRpHrT%2BSoOdl8P%2FNNSrr7VtXUUQXDRal%2BzNh1xi%2BkAb90egBf7JWugBFwn4aHDhDbBGcpyC1bzkgYoOYj5iZoWOfISV2gQ4PJe8KSJa3NjmonBIFd%2BbC3FKCw2oJfs40%2FPyIVc6qLcVwjYzG86p%2BcoKZ2aHfU8AxuwqYGqrTLrfxvgwH3p7a9oPZt26Fsqijh3kWiGtwHKJzd%2Fam9Gfy6Wn13gcAlgIWs%2FyaCpK8Gu4mws8hAU5pfhucI0nY2IDZLKrjDBkWCi513XoQxa0sUZeGmD%2FO14bIzoMx2rM5HDKLbsvNNbs1WtDMZAWtszxlow78n5cwupfZjtXtCSyk4pKxQXKTn2Vl5XhDo%2FOYKrScIMJxjbfTUOyWrFIP0xpY0wWUCcOsP8K83l60SDP3e6%2B%2BRZFfew5FmsU%3D+sornor%40litel%0A&start=1&storage=local&swap=512&tags=iac%3Bcontrol-plane%3Bterraform&tty=2&unprivileged=1&vmid=100
2025/12/27 01:52:04 <<<<<<<<<< RESULT:
HTTP/1.1 403 Permission check failed (changing feature flags (except nesting) is only allowed for root@pam)
Connection: close
Content-Length: 122
Cache-Control: max-age=0
Content-Type: application/json;charset=UTF-8
Date: Sat, 27 Dec 2025 00:52:04 GMT
Expires: Sat, 27 Dec 2025 00:52:04 GMT
Pragma: no-cache
Server: pve-api-daemon/3.0

{"message":"Permission check failed (changing feature flags (except nesting) is only allowed for root@pam)\n","data":null}
[90mSat, 27 Dec 2025 01:57:39 +0100[0m [32mINF[0m [1mgithub.com/Telmate/terraform-provider-proxmox/proxmox/util.go:159[0m[36m >[0m Enabling the capture of log-library logs as ithe _capturelog flag was detected
[90mSat, 27 Dec 2025 01:57:39 +0100[0m [32mINF[0m [1mgithub.com/Telmate/terraform-provider-proxmox/proxmox/util.go:192[0m[36m >[0m Logging Started. Root Logger Set to level debug
[90mSat, 27 Dec 2025 01:57:42 +0100[0m [32mINF[0m [1mgithub.com/Telmate/terraform-provider-proxmox/proxmox/util.go:159[0m[36m >[0m Enabling the capture of log-library logs as ithe _capturelog flag was detected
[90mSat, 27 Dec 2025 01:57:42 +0100[0m [32mINF[0m [1mgithub.com/Telmate/terraform-provider-proxmox/proxmox/util.go:192[0m[36m >[0m Logging Started. Root Logger Set to level debug
2025/12/27 01:57:42 [DEBUG] setting computed for "unused" from ComputedKeys
2025/12/27 01:57:42 >>>>>>>>>> REQUEST:
GET /api2/json/cluster/nextid HTTP/1.1
Host: 192.168.1.10:8006
User-Agent: Go-http-client/1.1
Accept: application/json
Authorization: PVEAPIToken=root@pam!automation=83a03e46-7ce4-4999-8130-f64f660b9603
Accept-Encoding: gzip

2025/12/27 01:57:42 <<<<<<<<<< RESULT:
HTTP/1.1 200 OK
Content-Length: 14
Cache-Control: max-age=0
Connection: Keep-Alive
Content-Type: application/json;charset=UTF-8
Date: Sat, 27 Dec 2025 00:57:42 GMT
Expires: Sat, 27 Dec 2025 00:57:42 GMT
Pragma: no-cache
Server: pve-api-daemon/3.0

{"data":"100"}
2025/12/27 01:57:42 >>>>>>>>>> REQUEST:
POST /api2/json/nodes/pve-main/lxc HTTP/1.1
Host: 192.168.1.10:8006
User-Agent: Go-http-client/1.1
Content-Length: 1074
Accept: application/json
Authorization: PVEAPIToken=root@pam!automation=83a03e46-7ce4-4999-8130-f64f660b9603
Content-Type: application/x-www-form-urlencoded
Accept-Encoding: gzip

arch=amd64&cmode=tty&console=1&cores=2&cpulimit=0&cpuunits=1024&hostname=control-plane&memory=2048&nameserver=1.1.1.1&net0=tag%3D10%2Cbridge%3Dvmbr0%2Cip%3D192.168.10.99%2F24%2Cname%3Deth0%2Cgw%3D192.168.10.1&onboot=1&ostemplate=local%3Avztmpl%2Fubuntu-24.04-standard_24.04-2_amd64.tar.zst&password=your-secure-password-here&protection=0&rootfs=local-lvm%3A20&ssh-public-keys=ssh-rsa+AAAAB3NzaC1yc2EAAAADAQABAAABgQCouRsnZwzAf%2FMQGTeopeu770tbNQDRK5bmkJw8IghKe3aqxSSjiYZunv28y64lc98HkRPrQM1FIcxrrmXllRtY6EQsfEVEoRpHrT%2BSoOdl8P%2FNNSrr7VtXUUQXDRal%2BzNh1xi%2BkAb90egBf7JWugBFwn4aHDhDbBGcpyC1bzkgYoOYj5iZoWOfISV2gQ4PJe8KSJa3NjmonBIFd%2BbC3FKCw2oJfs40%2FPyIVc6qLcVwjYzG86p%2BcoKZ2aHfU8AxuwqYGqrTLrfxvgwH3p7a9oPZt26Fsqijh3kWiGtwHKJzd%2Fam9Gfy6Wn13gcAlgIWs%2FyaCpK8Gu4mws8hAU5pfhucI0nY2IDZLKrjDBkWCi513XoQxa0sUZeGmD%2FO14bIzoMx2rM5HDKLbsvNNbs1WtDMZAWtszxlow78n5cwupfZjtXtCSyk4pKxQXKTn2Vl5XhDo%2FOYKrScIMJxjbfTUOyWrFIP0xpY0wWUCcOsP8K83l60SDP3e6%2B%2BRZFfew5FmsU%3D+sornor%40litel%0A&start=1&storage=local&swap=512&tags=iac%3Bcontrol-plane%3Bterraform&tty=2&unprivileged=1&vmid=100
2025/12/27 01:57:42 <<<<<<<<<< RESULT:
HTTP/1.1 200 OK
Connection: close
Content-Length: 85
Cache-Control: max-age=0
Content-Type: application/json;charset=UTF-8
Date: Sat, 27 Dec 2025 00:57:42 GMT
Expires: Sat, 27 Dec 2025 00:57:42 GMT
Pragma: no-cache
Server: pve-api-daemon/3.0

{"data":"UPID:pve-main:0000AC05:001398CB:694F2F06:vzcreate:100:root@pam!automation:"}
2025/12/27 01:57:42 >>>>>>>>>> REQUEST:
GET /api2/json/nodes/pve-main/tasks/UPID:pve-main:0000AC05:001398CB:694F2F06:vzcreate:100:root@pam!automation:/status HTTP/1.1
Host: 192.168.1.10:8006
User-Agent: Go-http-client/1.1
Accept: application/json
Authorization: PVEAPIToken=root@pam!automation=83a03e46-7ce4-4999-8130-f64f660b9603
Accept-Encoding: gzip

2025/12/27 01:57:42 <<<<<<<<<< RESULT:
HTTP/1.1 200 OK
Connection: close
Content-Length: 253
Cache-Control: max-age=0
Content-Type: application/json;charset=UTF-8
Date: Sat, 27 Dec 2025 00:57:42 GMT
Expires: Sat, 27 Dec 2025 00:57:42 GMT
Pragma: no-cache
Server: pve-api-daemon/3.0

{"data":{"type":"vzcreate","pstart":1284299,"status":"running","id":"100","tokenid":"automation","starttime":1766797062,"pid":44037,"user":"root@pam","upid":"UPID:pve-main:0000AC05:001398CB:694F2F06:vzcreate:100:root@pam!automation:","node":"pve-main"}}
2025/12/27 01:57:44 >>>>>>>>>> REQUEST:
GET /api2/json/nodes/pve-main/tasks/UPID:pve-main:0000AC05:001398CB:694F2F06:vzcreate:100:root@pam!automation:/status HTTP/1.1
Host: 192.168.1.10:8006
User-Agent: Go-http-client/1.1
Accept: application/json
Authorization: PVEAPIToken=root@pam!automation=83a03e46-7ce4-4999-8130-f64f660b9603
Accept-Encoding: gzip

2025/12/27 01:57:44 <<<<<<<<<< RESULT:
HTTP/1.1 200 OK
Connection: close
Content-Length: 271
Cache-Control: max-age=0
Content-Type: application/json;charset=UTF-8
Date: Sat, 27 Dec 2025 00:57:44 GMT
Expires: Sat, 27 Dec 2025 00:57:44 GMT
Pragma: no-cache
Server: pve-api-daemon/3.0

{"data":{"pid":44037,"user":"root@pam","exitstatus":"OK","node":"pve-main","status":"stopped","type":"vzcreate","id":"100","starttime":1766797062,"upid":"UPID:pve-main:0000AC05:001398CB:694F2F06:vzcreate:100:root@pam!automation:","pstart":1284299,"tokenid":"automation"}}
2025/12/27 01:57:44 >>>>>>>>>> REQUEST:
GET /api2/json/cluster/resources?type=vm HTTP/1.1
Host: 192.168.1.10:8006
User-Agent: Go-http-client/1.1
Accept: application/json
Authorization: PVEAPIToken=root@pam!automation=83a03e46-7ce4-4999-8130-f64f660b9603
Accept-Encoding: gzip

2025/12/27 01:57:44 <<<<<<<<<< RESULT:
HTTP/1.1 200 OK
Content-Length: 125
Cache-Control: max-age=0
Connection: Keep-Alive
Content-Type: application/json;charset=UTF-8
Date: Sat, 27 Dec 2025 00:57:44 GMT
Expires: Sat, 27 Dec 2025 00:57:44 GMT
Pragma: no-cache
Server: pve-api-daemon/3.0

{"data":[{"tags":"control-plane;iac;terraform","node":"pve-main","id":"lxc/100","vmid":100,"type":"lxc","status":"unknown"}]}
2025/12/27 01:57:44 >>>>>>>>>> REQUEST:
GET /api2/json/nodes/pve-main/lxc/100/config HTTP/1.1
Host: 192.168.1.10:8006
User-Agent: Go-http-client/1.1
Accept: application/json
Authorization: PVEAPIToken=root@pam!automation=83a03e46-7ce4-4999-8130-f64f660b9603
Accept-Encoding: gzip

2025/12/27 01:57:44 <<<<<<<<<< RESULT:
HTTP/1.1 200 OK
Content-Length: 479
Cache-Control: max-age=0
Connection: Keep-Alive
Content-Type: application/json;charset=UTF-8
Date: Sat, 27 Dec 2025 00:57:44 GMT
Expires: Sat, 27 Dec 2025 00:57:44 GMT
Pragma: no-cache
Server: pve-api-daemon/3.0

{"data":{"cmode":"tty","memory":2048,"nameserver":"1.1.1.1","tags":"control-plane;iac;terraform","arch":"amd64","unprivileged":1,"tty":2,"cores":2,"digest":"c6bf6534a98c405b440535e9880456851f21af8e","cpulimit":"0","rootfs":"local-lvm:vm-100-disk-0,size=20G","swap":512,"hostname":"control-plane","onboot":1,"ostype":"ubuntu","protection":0,"console":1,"cpuunits":1024,"net0":"name=eth0,bridge=vmbr0,gw=192.168.10.1,hwaddr=BC:24:11:A2:5F:11,ip=192.168.10.99/24,tag=10,type=veth"}}
2025/12/27 01:57:44 >>>>>>>>>> REQUEST:
GET /api2/json/cluster/ha/resources/100 HTTP/1.1
Host: 192.168.1.10:8006
User-Agent: Go-http-client/1.1
Accept: application/json
Authorization: PVEAPIToken=root@pam!automation=83a03e46-7ce4-4999-8130-f64f660b9603
Accept-Encoding: gzip

2025/12/27 01:57:44 <<<<<<<<<< RESULT:
HTTP/1.1 500 no such resource 'ct:100'
Connection: close
Content-Length: 53
Cache-Control: max-age=0
Content-Type: application/json;charset=UTF-8
Date: Sat, 27 Dec 2025 00:57:44 GMT
Expires: Sat, 27 Dec 2025 00:57:44 GMT
Pragma: no-cache
Server: pve-api-daemon/3.0

{"message":"no such resource 'ct:100'\n","data":null}
2025/12/27 01:57:44 >>>>>>>>>> REQUEST:
GET /api2/json/pools HTTP/1.1
Host: 192.168.1.10:8006
User-Agent: Go-http-client/1.1
Accept: application/json
Authorization: PVEAPIToken=root@pam!automation=83a03e46-7ce4-4999-8130-f64f660b9603
Accept-Encoding: gzip

2025/12/27 01:57:44 <<<<<<<<<< RESULT:
HTTP/1.1 200 OK
Content-Length: 11
Cache-Control: max-age=0
Connection: Keep-Alive
Content-Type: application/json;charset=UTF-8
Date: Sat, 27 Dec 2025 00:57:44 GMT
Expires: Sat, 27 Dec 2025 00:57:44 GMT
Pragma: no-cache
Server: pve-api-daemon/3.0

{"data":[]}
[90mSat, 27 Dec 2025 02:10:27 +0100[0m [32mINF[0m [1mgithub.com/Telmate/terraform-provider-proxmox/proxmox/util.go:159[0m[36m >[0m Enabling the capture of log-library logs as ithe _capturelog flag was detected
[90mSat, 27 Dec 2025 02:10:27 +0100[0m [32mINF[0m [1mgithub.com/Telmate/terraform-provider-proxmox/proxmox/util.go:192[0m[36m >[0m Logging Started. Root Logger Set to level debug
2025/12/27 02:10:27 >>>>>>>>>> REQUEST:
GET /api2/json/cluster/resources?type=vm HTTP/1.1
Host: 192.168.1.10:8006
User-Agent: Go-http-client/1.1
Accept: application/json
Authorization: PVEAPIToken=root@pam!automation=83a03e46-7ce4-4999-8130-f64f660b9603
Accept-Encoding: gzip

2025/12/27 02:10:27 <<<<<<<<<< RESULT:
HTTP/1.1 200 OK
Content-Length: 337
Cache-Control: max-age=0
Connection: Keep-Alive
Content-Type: application/json;charset=UTF-8
Date: Sat, 27 Dec 2025 01:10:27 GMT
Expires: Sat, 27 Dec 2025 01:10:27 GMT
Pragma: no-cache
Server: pve-api-daemon/3.0

{"data":[{"template":0,"uptime":760,"id":"lxc/100","status":"running","cpu":0,"maxmem":2147483648,"type":"lxc","diskread":712155136,"tags":"control-plane;iac;terraform","mem":42287104,"netout":2163,"disk":696668160,"maxdisk":20957446144,"diskwrite":97873920,"maxcpu":2,"netin":11427,"name":"control-plane","vmid":100,"node":"pve-main"}]}
2025/12/27 02:10:27 >>>>>>>>>> REQUEST:
GET /api2/json/nodes/pve-main/lxc/100/config HTTP/1.1
Host: 192.168.1.10:8006
User-Agent: Go-http-client/1.1
Accept: application/json
Authorization: PVEAPIToken=root@pam!automation=83a03e46-7ce4-4999-8130-f64f660b9603
Accept-Encoding: gzip

2025/12/27 02:10:27 <<<<<<<<<< RESULT:
HTTP/1.1 200 OK
Content-Length: 479
Cache-Control: max-age=0
Connection: Keep-Alive
Content-Type: application/json;charset=UTF-8
Date: Sat, 27 Dec 2025 01:10:27 GMT
Expires: Sat, 27 Dec 2025 01:10:27 GMT
Pragma: no-cache
Server: pve-api-daemon/3.0

{"data":{"cpuunits":1024,"net0":"name=eth0,bridge=vmbr0,gw=192.168.10.1,hwaddr=BC:24:11:A2:5F:11,ip=192.168.10.99/24,tag=10,type=veth","console":1,"protection":0,"ostype":"ubuntu","hostname":"control-plane","onboot":1,"rootfs":"local-lvm:vm-100-disk-0,size=20G","swap":512,"digest":"c6bf6534a98c405b440535e9880456851f21af8e","cpulimit":"0","cores":2,"arch":"amd64","unprivileged":1,"tty":2,"tags":"control-plane;iac;terraform","memory":2048,"nameserver":"1.1.1.1","cmode":"tty"}}
2025/12/27 02:10:27 >>>>>>>>>> REQUEST:
GET /api2/json/cluster/ha/resources/100 HTTP/1.1
Host: 192.168.1.10:8006
User-Agent: Go-http-client/1.1
Accept: application/json
Authorization: PVEAPIToken=root@pam!automation=83a03e46-7ce4-4999-8130-f64f660b9603
Accept-Encoding: gzip

2025/12/27 02:10:27 <<<<<<<<<< RESULT:
HTTP/1.1 500 no such resource 'ct:100'
Connection: close
Content-Length: 53
Cache-Control: max-age=0
Content-Type: application/json;charset=UTF-8
Date: Sat, 27 Dec 2025 01:10:27 GMT
Expires: Sat, 27 Dec 2025 01:10:27 GMT
Pragma: no-cache
Server: pve-api-daemon/3.0

{"data":null,"message":"no such resource 'ct:100'\n"}
2025/12/27 02:10:27 >>>>>>>>>> REQUEST:
GET /api2/json/pools HTTP/1.1
Host: 192.168.1.10:8006
User-Agent: Go-http-client/1.1
Accept: application/json
Authorization: PVEAPIToken=root@pam!automation=83a03e46-7ce4-4999-8130-f64f660b9603
Accept-Encoding: gzip

2025/12/27 02:10:27 <<<<<<<<<< RESULT:
HTTP/1.1 200 OK
Content-Length: 11
Cache-Control: max-age=0
Connection: Keep-Alive
Content-Type: application/json;charset=UTF-8
Date: Sat, 27 Dec 2025 01:10:27 GMT
Expires: Sat, 27 Dec 2025 01:10:27 GMT
Pragma: no-cache
Server: pve-api-daemon/3.0

{"data":[]}
[90mSat, 27 Dec 2025 02:10:35 +0100[0m [32mINF[0m [1mgithub.com/Telmate/terraform-provider-proxmox/proxmox/util.go:159[0m[36m >[0m Enabling the capture of log-library logs as ithe _capturelog flag was detected
[90mSat, 27 Dec 2025 02:10:35 +0100[0m [32mINF[0m [1mgithub.com/Telmate/terraform-provider-proxmox/proxmox/util.go:192[0m[36m >[0m Logging Started. Root Logger Set to level debug
2025/12/27 02:10:35 >>>>>>>>>> REQUEST:
GET /api2/json/cluster/resources?type=vm HTTP/1.1
Host: 192.168.1.10:8006
User-Agent: Go-http-client/1.1
Accept: application/json
Authorization: PVEAPIToken=root@pam!automation=83a03e46-7ce4-4999-8130-f64f660b9603
Accept-Encoding: gzip

2025/12/27 02:10:35 <<<<<<<<<< RESULT:
HTTP/1.1 200 OK
Content-Length: 337
Cache-Control: max-age=0
Connection: Keep-Alive
Content-Type: application/json;charset=UTF-8
Date: Sat, 27 Dec 2025 01:10:35 GMT
Expires: Sat, 27 Dec 2025 01:10:35 GMT
Pragma: no-cache
Server: pve-api-daemon/3.0

{"data":[{"mem":42287104,"netout":2163,"disk":696668160,"maxdisk":20957446144,"diskwrite":97873920,"maxcpu":2,"vmid":100,"netin":11427,"name":"control-plane","node":"pve-main","template":0,"uptime":770,"id":"lxc/100","status":"running","cpu":0,"maxmem":2147483648,"type":"lxc","diskread":712155136,"tags":"control-plane;iac;terraform"}]}
2025/12/27 02:10:35 >>>>>>>>>> REQUEST:
POST /api2/json/nodes/pve-main/lxc/100/status/stop HTTP/1.1
Host: 192.168.1.10:8006
User-Agent: Go-http-client/1.1
Content-Length: 0
Accept: application/json
Authorization: PVEAPIToken=root@pam!automation=83a03e46-7ce4-4999-8130-f64f660b9603
Content-Type: application/x-www-form-urlencoded
Accept-Encoding: gzip

2025/12/27 02:10:35 <<<<<<<<<< RESULT:
HTTP/1.1 200 OK
Connection: close
Content-Length: 83
Cache-Control: max-age=0
Content-Type: application/json;charset=UTF-8
Date: Sat, 27 Dec 2025 01:10:35 GMT
Expires: Sat, 27 Dec 2025 01:10:35 GMT
Pragma: no-cache
Server: pve-api-daemon/3.0

{"data":"UPID:pve-main:0000BC6E:0014C6DB:694F320B:vzstop:100:root@pam!automation:"}
2025/12/27 02:10:35 >>>>>>>>>> REQUEST:
GET /api2/json/nodes/pve-main/tasks/UPID:pve-main:0000BC6E:0014C6DB:694F320B:vzstop:100:root@pam!automation:/status HTTP/1.1
Host: 192.168.1.10:8006
User-Agent: Go-http-client/1.1
Accept: application/json
Authorization: PVEAPIToken=root@pam!automation=83a03e46-7ce4-4999-8130-f64f660b9603
Accept-Encoding: gzip

2025/12/27 02:10:35 <<<<<<<<<< RESULT:
HTTP/1.1 200 OK
Connection: close
Content-Length: 249
Cache-Control: max-age=0
Content-Type: application/json;charset=UTF-8
Date: Sat, 27 Dec 2025 01:10:35 GMT
Expires: Sat, 27 Dec 2025 01:10:35 GMT
Pragma: no-cache
Server: pve-api-daemon/3.0

{"data":{"pid":48238,"starttime":1766797835,"user":"root@pam","node":"pve-main","upid":"UPID:pve-main:0000BC6E:0014C6DB:694F320B:vzstop:100:root@pam!automation:","status":"running","type":"vzstop","pstart":1361627,"id":"100","tokenid":"automation"}}
2025/12/27 02:10:37 >>>>>>>>>> REQUEST:
GET /api2/json/nodes/pve-main/tasks/UPID:pve-main:0000BC6E:0014C6DB:694F320B:vzstop:100:root@pam!automation:/status HTTP/1.1
Host: 192.168.1.10:8006
User-Agent: Go-http-client/1.1
Accept: application/json
Authorization: PVEAPIToken=root@pam!automation=83a03e46-7ce4-4999-8130-f64f660b9603
Accept-Encoding: gzip

2025/12/27 02:10:37 <<<<<<<<<< RESULT:
HTTP/1.1 200 OK
Connection: close
Content-Length: 267
Cache-Control: max-age=0
Content-Type: application/json;charset=UTF-8
Date: Sat, 27 Dec 2025 01:10:37 GMT
Expires: Sat, 27 Dec 2025 01:10:37 GMT
Pragma: no-cache
Server: pve-api-daemon/3.0

{"data":{"starttime":1766797835,"upid":"UPID:pve-main:0000BC6E:0014C6DB:694F320B:vzstop:100:root@pam!automation:","pstart":1361627,"tokenid":"automation","user":"root@pam","pid":48238,"exitstatus":"OK","node":"pve-main","status":"stopped","type":"vzstop","id":"100"}}
2025/12/27 02:10:37 >>>>>>>>>> REQUEST:
GET /api2/json/nodes/pve-main/lxc/100/status/current HTTP/1.1
Host: 192.168.1.10:8006
User-Agent: Go-http-client/1.1
Accept: application/json
Authorization: PVEAPIToken=root@pam!automation=83a03e46-7ce4-4999-8130-f64f660b9603
Accept-Encoding: gzip

2025/12/27 02:10:37 <<<<<<<<<< RESULT:
HTTP/1.1 200 OK
Connection: close
Content-Length: 296
Cache-Control: max-age=0
Content-Type: application/json;charset=UTF-8
Date: Sat, 27 Dec 2025 01:10:37 GMT
Expires: Sat, 27 Dec 2025 01:10:37 GMT
Pragma: no-cache
Server: pve-api-daemon/3.0

{"data":{"ha":{"managed":0},"vmid":100,"uptime":0,"tags":"control-plane;iac;terraform","netout":0,"netin":0,"cpu":0,"maxdisk":21474836480,"status":"stopped","disk":0,"type":"lxc","diskwrite":0,"cpus":2,"diskread":0,"mem":0,"maxmem":2147483648,"swap":0,"name":"control-plane","maxswap":536870912}}
2025/12/27 02:10:37 >>>>>>>>>> REQUEST:
DELETE /api2/json/nodes/pve-main/lxc/100 HTTP/1.1
Host: 192.168.1.10:8006
User-Agent: Go-http-client/1.1
Accept: application/json
Authorization: PVEAPIToken=root@pam!automation=83a03e46-7ce4-4999-8130-f64f660b9603
Accept-Encoding: gzip

2025/12/27 02:10:37 <<<<<<<<<< RESULT:
HTTP/1.1 200 OK
Connection: close
Content-Length: 86
Cache-Control: max-age=0
Content-Type: application/json;charset=UTF-8
Date: Sat, 27 Dec 2025 01:10:37 GMT
Expires: Sat, 27 Dec 2025 01:10:37 GMT
Pragma: no-cache
Server: pve-api-daemon/3.0

{"data":"UPID:pve-main:0000BC86:0014C7A9:694F320D:vzdestroy:100:root@pam!automation:"}
2025/12/27 02:10:37 >>>>>>>>>> REQUEST:
GET /api2/json/nodes/pve-main/tasks/UPID:pve-main:0000BC86:0014C7A9:694F320D:vzdestroy:100:root@pam!automation:/status HTTP/1.1
Host: 192.168.1.10:8006
User-Agent: Go-http-client/1.1
Accept: application/json
Authorization: PVEAPIToken=root@pam!automation=83a03e46-7ce4-4999-8130-f64f660b9603
Accept-Encoding: gzip

2025/12/27 02:10:37 <<<<<<<<<< RESULT:
HTTP/1.1 200 OK
Connection: close
Content-Length: 255
Cache-Control: max-age=0
Content-Type: application/json;charset=UTF-8
Date: Sat, 27 Dec 2025 01:10:37 GMT
Expires: Sat, 27 Dec 2025 01:10:37 GMT
Pragma: no-cache
Server: pve-api-daemon/3.0

{"data":{"tokenid":"automation","id":"100","status":"running","type":"vzdestroy","pstart":1361833,"starttime":1766797837,"pid":48262,"user":"root@pam","node":"pve-main","upid":"UPID:pve-main:0000BC86:0014C7A9:694F320D:vzdestroy:100:root@pam!automation:"}}
2025/12/27 02:10:39 >>>>>>>>>> REQUEST:
GET /api2/json/nodes/pve-main/tasks/UPID:pve-main:0000BC86:0014C7A9:694F320D:vzdestroy:100:root@pam!automation:/status HTTP/1.1
Host: 192.168.1.10:8006
User-Agent: Go-http-client/1.1
Accept: application/json
Authorization: PVEAPIToken=root@pam!automation=83a03e46-7ce4-4999-8130-f64f660b9603
Accept-Encoding: gzip

2025/12/27 02:10:39 <<<<<<<<<< RESULT:
HTTP/1.1 200 OK
Connection: close
Content-Length: 273
Cache-Control: max-age=0
Content-Type: application/json;charset=UTF-8
Date: Sat, 27 Dec 2025 01:10:39 GMT
Expires: Sat, 27 Dec 2025 01:10:39 GMT
Pragma: no-cache
Server: pve-api-daemon/3.0

{"data":{"starttime":1766797837,"upid":"UPID:pve-main:0000BC86:0014C7A9:694F320D:vzdestroy:100:root@pam!automation:","pstart":1361833,"tokenid":"automation","pid":48262,"user":"root@pam","exitstatus":"OK","node":"pve-main","type":"vzdestroy","status":"stopped","id":"100"}}
2025/12/27 02:10:39 [DEBUG] setting computed for "unused" from ComputedKeys
2025/12/27 02:10:39 >>>>>>>>>> REQUEST:
GET /api2/json/cluster/nextid HTTP/1.1
Host: 192.168.1.10:8006
User-Agent: Go-http-client/1.1
Accept: application/json
Authorization: PVEAPIToken=root@pam!automation=83a03e46-7ce4-4999-8130-f64f660b9603
Accept-Encoding: gzip

2025/12/27 02:10:39 <<<<<<<<<< RESULT:
HTTP/1.1 200 OK
Content-Length: 14
Cache-Control: max-age=0
Connection: Keep-Alive
Content-Type: application/json;charset=UTF-8
Date: Sat, 27 Dec 2025 01:10:39 GMT
Expires: Sat, 27 Dec 2025 01:10:39 GMT
Pragma: no-cache
Server: pve-api-daemon/3.0

{"data":"100"}
2025/12/27 02:10:39 >>>>>>>>>> REQUEST:
POST /api2/json/nodes/pve-main/lxc HTTP/1.1
Host: 192.168.1.10:8006
User-Agent: Go-http-client/1.1
Content-Length: 1864
Accept: application/json
Authorization: PVEAPIToken=root@pam!automation=83a03e46-7ce4-4999-8130-f64f660b9603
Content-Type: application/x-www-form-urlencoded
Accept-Encoding: gzip

arch=amd64&cmode=tty&console=1&cores=2&cpulimit=0&cpuunits=1024&hostname=control-plane&memory=2048&nameserver=1.1.1.1&net0=bridge%3Dvmbr0%2Ctag%3D10%2Cname%3Deth0%2Cip%3D192.168.10.99%2F24%2Cgw%3D192.168.10.1&onboot=1&ostemplate=local%3Avztmpl%2Fubuntu-24.04-standard_24.04-2_amd64.tar.zst&password=your-secure-password-here&protection=0&rootfs=local-lvm%3A20&ssh-public-keys=ssh-rsa+AAAAB3NzaC1yc2EAAAADAQABAAABgQCouRsnZwzAf%2FMQGTeopeu770tbNQDRK5bmkJw8IghKe3aqxSSjiYZunv28y64lc98HkRPrQM1FIcxrrmXllRtY6EQsfEVEoRpHrT%2BSoOdl8P%2FNNSrr7VtXUUQXDRal%2BzNh1xi%2BkAb90egBf7JWugBFwn4aHDhDbBGcpyC1bzkgYoOYj5iZoWOfISV2gQ4PJe8KSJa3NjmonBIFd%2BbC3FKCw2oJfs40%2FPyIVc6qLcVwjYzG86p%2BcoKZ2aHfU8AxuwqYGqrTLrfxvgwH3p7a9oPZt26Fsqijh3kWiGtwHKJzd%2Fam9Gfy6Wn13gcAlgIWs%2FyaCpK8Gu4mws8hAU5pfhucI0nY2IDZLKrjDBkWCi513XoQxa0sUZeGmD%2FO14bIzoMx2rM5HDKLbsvNNbs1WtDMZAWtszxlow78n5cwupfZjtXtCSyk4pKxQXKTn2Vl5XhDo%2FOYKrScIMJxjbfTUOyWrFIP0xpY0wWUCcOsP8K83l60SDP3e6%2B%2BRZFfew5FmsU%3D+sornor%40litel%0A%0Assh-rsa+AAAAB3NzaC1yc2EAAAADAQABAAACAQCVei6HmzZCM2DKTvSXS07u%2Buk27Agwm7znb6BNtLRhWn%2FYYAzKA4RvPIPve62sM4wvT4pZjwC9b5J6BPkgxB3m6PdyjZ6aTf4psgLwBC2KSDGIw96o026WTydTq3okvA6PqzEvwK0%2FXZc6gduYNB7A50t47k4p5tMp45nSoqREK%2Bsaoins9uU1bXgLsm3TcQc5O2HccPKF9Z29wxt5B7kmTn451hpFfWjG%2B%2FoOmqY1GVDrNSKJ7hBT7DzOFeNfz2Ue2sLGUTymr5ha%2FM6RvftnVtsnJMRsO9leXxFbtqlKRc4l4mEQzLAHSl6ENA%2FoLMrzCxBGF%2BBlIDLehEHGWnpDvq7HDmDUFsBq0Ew6lRDb3q2lZKIwA16iOpWbFkkQpZoSFfA%2Bq1nCkFXU4Ufk2HmRKGMKEP37xoZdnri2qznvtDl9RetffKaUL%2FrMRnvBQ1bnJTM70kLzcDC4zggYE6v0%2BPcD%2BYH2n%2Bl2zqfARwTbOQtnLP%2Fz%2BaHEPrGYNlqGbgn8RQaYKMMcPW2b2xVNe0ZxsU3lSfjFu8EdazcCrT9KkmozsX3urbJ9QybUqBIrPOxqXel88i%2FqGedPsez5IZF9e5NHMNAfsrh98b803ulUmxDXiX5uBmfvYPx%2FK3oezBREQj%2F2e6fkIM8GgrPfIbQSawZ1bT4Xt3%2FWY552iyrOOQ%3D%3D+root%40pve-main%0A&start=1&storage=local&swap=512&tags=iac%3Bcontrol-plane%3Bterraform&tty=2&unprivileged=1&vmid=100
2025/12/27 02:10:39 <<<<<<<<<< RESULT:
HTTP/1.1 200 OK
Connection: close
Content-Length: 85
Cache-Control: max-age=0
Content-Type: application/json;charset=UTF-8
Date: Sat, 27 Dec 2025 01:10:39 GMT
Expires: Sat, 27 Dec 2025 01:10:39 GMT
Pragma: no-cache
Server: pve-api-daemon/3.0

{"data":"UPID:pve-main:0000BC96:0014C881:694F320F:vzcreate:100:root@pam!automation:"}
2025/12/27 02:10:39 >>>>>>>>>> REQUEST:
GET /api2/json/nodes/pve-main/tasks/UPID:pve-main:0000BC96:0014C881:694F320F:vzcreate:100:root@pam!automation:/status HTTP/1.1
Host: 192.168.1.10:8006
User-Agent: Go-http-client/1.1
Accept: application/json
Authorization: PVEAPIToken=root@pam!automation=83a03e46-7ce4-4999-8130-f64f660b9603
Accept-Encoding: gzip

2025/12/27 02:10:39 <<<<<<<<<< RESULT:
HTTP/1.1 200 OK
Connection: close
Content-Length: 253
Cache-Control: max-age=0
Content-Type: application/json;charset=UTF-8
Date: Sat, 27 Dec 2025 01:10:39 GMT
Expires: Sat, 27 Dec 2025 01:10:39 GMT
Pragma: no-cache
Server: pve-api-daemon/3.0

{"data":{"user":"root@pam","pid":48278,"starttime":1766797839,"upid":"UPID:pve-main:0000BC96:0014C881:694F320F:vzcreate:100:root@pam!automation:","node":"pve-main","type":"vzcreate","pstart":1362049,"status":"running","id":"100","tokenid":"automation"}}
2025/12/27 02:10:41 >>>>>>>>>> REQUEST:
GET /api2/json/nodes/pve-main/tasks/UPID:pve-main:0000BC96:0014C881:694F320F:vzcreate:100:root@pam!automation:/status HTTP/1.1
Host: 192.168.1.10:8006
User-Agent: Go-http-client/1.1
Accept: application/json
Authorization: PVEAPIToken=root@pam!automation=83a03e46-7ce4-4999-8130-f64f660b9603
Accept-Encoding: gzip

2025/12/27 02:10:41 <<<<<<<<<< RESULT:
HTTP/1.1 200 OK
Connection: close
Content-Length: 271
Cache-Control: max-age=0
Content-Type: application/json;charset=UTF-8
Date: Sat, 27 Dec 2025 01:10:41 GMT
Expires: Sat, 27 Dec 2025 01:10:41 GMT
Pragma: no-cache
Server: pve-api-daemon/3.0

{"data":{"upid":"UPID:pve-main:0000BC96:0014C881:694F320F:vzcreate:100:root@pam!automation:","starttime":1766797839,"pstart":1362049,"tokenid":"automation","exitstatus":"OK","node":"pve-main","pid":48278,"user":"root@pam","type":"vzcreate","status":"stopped","id":"100"}}
2025/12/27 02:10:41 >>>>>>>>>> REQUEST:
GET /api2/json/cluster/resources?type=vm HTTP/1.1
Host: 192.168.1.10:8006
User-Agent: Go-http-client/1.1
Accept: application/json
Authorization: PVEAPIToken=root@pam!automation=83a03e46-7ce4-4999-8130-f64f660b9603
Accept-Encoding: gzip

2025/12/27 02:10:41 <<<<<<<<<< RESULT:
HTTP/1.1 200 OK
Content-Length: 337
Cache-Control: max-age=0
Connection: Keep-Alive
Content-Type: application/json;charset=UTF-8
Date: Sat, 27 Dec 2025 01:10:41 GMT
Expires: Sat, 27 Dec 2025 01:10:41 GMT
Pragma: no-cache
Server: pve-api-daemon/3.0

{"data":[{"uptime":770,"template":0,"id":"lxc/100","maxmem":2147483648,"type":"lxc","cpu":0,"status":"running","diskread":712155136,"tags":"control-plane;iac;terraform","netout":2163,"mem":42287104,"disk":696668160,"diskwrite":97873920,"maxdisk":20957446144,"node":"pve-main","name":"control-plane","netin":11427,"vmid":100,"maxcpu":2}]}
2025/12/27 02:10:41 >>>>>>>>>> REQUEST:
GET /api2/json/nodes/pve-main/lxc/100/config HTTP/1.1
Host: 192.168.1.10:8006
User-Agent: Go-http-client/1.1
Accept: application/json
Authorization: PVEAPIToken=root@pam!automation=83a03e46-7ce4-4999-8130-f64f660b9603
Accept-Encoding: gzip

2025/12/27 02:10:41 <<<<<<<<<< RESULT:
HTTP/1.1 200 OK
Content-Length: 479
Cache-Control: max-age=0
Connection: Keep-Alive
Content-Type: application/json;charset=UTF-8
Date: Sat, 27 Dec 2025 01:10:41 GMT
Expires: Sat, 27 Dec 2025 01:10:41 GMT
Pragma: no-cache
Server: pve-api-daemon/3.0

{"data":{"tags":"control-plane;iac;terraform","tty":2,"unprivileged":1,"arch":"amd64","cmode":"tty","memory":2048,"nameserver":"1.1.1.1","cores":2,"onboot":1,"hostname":"control-plane","ostype":"ubuntu","cpulimit":"0","digest":"09ca4df63bb7c02c32182b7f880b0e8baf471e58","swap":512,"rootfs":"local-lvm:vm-100-disk-0,size=20G","net0":"name=eth0,bridge=vmbr0,gw=192.168.10.1,hwaddr=BC:24:11:37:78:26,ip=192.168.10.99/24,tag=10,type=veth","cpuunits":1024,"protection":0,"console":1}}
2025/12/27 02:10:41 >>>>>>>>>> REQUEST:
GET /api2/json/cluster/ha/resources/100 HTTP/1.1
Host: 192.168.1.10:8006
User-Agent: Go-http-client/1.1
Accept: application/json
Authorization: PVEAPIToken=root@pam!automation=83a03e46-7ce4-4999-8130-f64f660b9603
Accept-Encoding: gzip

2025/12/27 02:10:41 <<<<<<<<<< RESULT:
HTTP/1.1 500 no such resource 'ct:100'
Connection: close
Content-Length: 53
Cache-Control: max-age=0
Content-Type: application/json;charset=UTF-8
Date: Sat, 27 Dec 2025 01:10:41 GMT
Expires: Sat, 27 Dec 2025 01:10:41 GMT
Pragma: no-cache
Server: pve-api-daemon/3.0

{"data":null,"message":"no such resource 'ct:100'\n"}
2025/12/27 02:10:41 >>>>>>>>>> REQUEST:
GET /api2/json/pools HTTP/1.1
Host: 192.168.1.10:8006
User-Agent: Go-http-client/1.1
Accept: application/json
Authorization: PVEAPIToken=root@pam!automation=83a03e46-7ce4-4999-8130-f64f660b9603
Accept-Encoding: gzip

2025/12/27 02:10:41 <<<<<<<<<< RESULT:
HTTP/1.1 200 OK
Content-Length: 11
Cache-Control: max-age=0
Connection: Keep-Alive
Content-Type: application/json;charset=UTF-8
Date: Sat, 27 Dec 2025 01:10:41 GMT
Expires: Sat, 27 Dec 2025 01:10:41 GMT
Pragma: no-cache
Server: pve-api-daemon/3.0

{"data":[]}
[90mSat, 27 Dec 2025 02:11:22 +0100[0m [32mINF[0m [1mgithub.com/Telmate/terraform-provider-proxmox/proxmox/util.go:159[0m[36m >[0m Enabling the capture of log-library logs as ithe _capturelog flag was detected
[90mSat, 27 Dec 2025 02:11:22 +0100[0m [32mINF[0m [1mgithub.com/Telmate/terraform-provider-proxmox/proxmox/util.go:192[0m[36m >[0m Logging Started. Root Logger Set to level debug
2025/12/27 02:11:22 >>>>>>>>>> REQUEST:
GET /api2/json/cluster/resources?type=vm HTTP/1.1
Host: 192.168.1.10:8006
User-Agent: Go-http-client/1.1
Accept: application/json
Authorization: PVEAPIToken=root@pam!automation=83a03e46-7ce4-4999-8130-f64f660b9603
Accept-Encoding: gzip

2025/12/27 02:11:22 <<<<<<<<<< RESULT:
HTTP/1.1 200 OK
Content-Length: 331
Cache-Control: max-age=0
Connection: Keep-Alive
Content-Type: application/json;charset=UTF-8
Date: Sat, 27 Dec 2025 01:11:22 GMT
Expires: Sat, 27 Dec 2025 01:11:22 GMT
Pragma: no-cache
Server: pve-api-daemon/3.0

{"data":[{"disk":610500608,"mem":36511744,"netout":446,"maxcpu":2,"vmid":100,"netin":0,"name":"control-plane","node":"pve-main","maxdisk":20957446144,"diskwrite":11100160,"id":"lxc/100","template":0,"uptime":32,"diskread":351715328,"tags":"control-plane;iac;terraform","status":"running","cpu":0,"maxmem":2147483648,"type":"lxc"}]}
2025/12/27 02:11:22 >>>>>>>>>> REQUEST:
GET /api2/json/nodes/pve-main/lxc/100/config HTTP/1.1
Host: 192.168.1.10:8006
User-Agent: Go-http-client/1.1
Accept: application/json
Authorization: PVEAPIToken=root@pam!automation=83a03e46-7ce4-4999-8130-f64f660b9603
Accept-Encoding: gzip

2025/12/27 02:11:22 <<<<<<<<<< RESULT:
HTTP/1.1 200 OK
Content-Length: 479
Cache-Control: max-age=0
Connection: Keep-Alive
Content-Type: application/json;charset=UTF-8
Date: Sat, 27 Dec 2025 01:11:22 GMT
Expires: Sat, 27 Dec 2025 01:11:22 GMT
Pragma: no-cache
Server: pve-api-daemon/3.0

{"data":{"unprivileged":1,"arch":"amd64","tty":2,"tags":"control-plane;iac;terraform","nameserver":"1.1.1.1","memory":2048,"cmode":"tty","cores":2,"ostype":"ubuntu","hostname":"control-plane","onboot":1,"rootfs":"local-lvm:vm-100-disk-0,size=20G","swap":512,"digest":"09ca4df63bb7c02c32182b7f880b0e8baf471e58","cpulimit":"0","cpuunits":1024,"net0":"name=eth0,bridge=vmbr0,gw=192.168.10.1,hwaddr=BC:24:11:37:78:26,ip=192.168.10.99/24,tag=10,type=veth","console":1,"protection":0}}
2025/12/27 02:11:22 >>>>>>>>>> REQUEST:
GET /api2/json/cluster/ha/resources/100 HTTP/1.1
Host: 192.168.1.10:8006
User-Agent: Go-http-client/1.1
Accept: application/json
Authorization: PVEAPIToken=root@pam!automation=83a03e46-7ce4-4999-8130-f64f660b9603
Accept-Encoding: gzip

2025/12/27 02:11:22 <<<<<<<<<< RESULT:
HTTP/1.1 500 no such resource 'ct:100'
Connection: close
Content-Length: 53
Cache-Control: max-age=0
Content-Type: application/json;charset=UTF-8
Date: Sat, 27 Dec 2025 01:11:22 GMT
Expires: Sat, 27 Dec 2025 01:11:22 GMT
Pragma: no-cache
Server: pve-api-daemon/3.0

{"data":null,"message":"no such resource 'ct:100'\n"}
2025/12/27 02:11:22 >>>>>>>>>> REQUEST:
GET /api2/json/pools HTTP/1.1
Host: 192.168.1.10:8006
User-Agent: Go-http-client/1.1
Accept: application/json
Authorization: PVEAPIToken=root@pam!automation=83a03e46-7ce4-4999-8130-f64f660b9603
Accept-Encoding: gzip

2025/12/27 02:11:22 <<<<<<<<<< RESULT:
HTTP/1.1 200 OK
Content-Length: 11
Cache-Control: max-age=0
Connection: Keep-Alive
Content-Type: application/json;charset=UTF-8
Date: Sat, 27 Dec 2025 01:11:22 GMT
Expires: Sat, 27 Dec 2025 01:11:22 GMT
Pragma: no-cache
Server: pve-api-daemon/3.0

{"data":[]}
[90mSat, 27 Dec 2025 02:11:31 +0100[0m [32mINF[0m [1mgithub.com/Telmate/terraform-provider-proxmox/proxmox/util.go:159[0m[36m >[0m Enabling the capture of log-library logs as ithe _capturelog flag was detected
[90mSat, 27 Dec 2025 02:11:31 +0100[0m [32mINF[0m [1mgithub.com/Telmate/terraform-provider-proxmox/proxmox/util.go:192[0m[36m >[0m Logging Started. Root Logger Set to level debug
2025/12/27 02:11:31 >>>>>>>>>> REQUEST:
GET /api2/json/cluster/resources?type=vm HTTP/1.1
Host: 192.168.1.10:8006
User-Agent: Go-http-client/1.1
Accept: application/json
Authorization: PVEAPIToken=root@pam!automation=83a03e46-7ce4-4999-8130-f64f660b9603
Accept-Encoding: gzip

2025/12/27 02:11:31 <<<<<<<<<< RESULT:
HTTP/1.1 200 OK
Content-Length: 331
Cache-Control: max-age=0
Connection: Keep-Alive
Content-Type: application/json;charset=UTF-8
Date: Sat, 27 Dec 2025 01:11:30 GMT
Expires: Sat, 27 Dec 2025 01:11:30 GMT
Pragma: no-cache
Server: pve-api-daemon/3.0

{"data":[{"template":0,"uptime":42,"id":"lxc/100","status":"running","cpu":0,"type":"lxc","maxmem":2147483648,"tags":"control-plane;iac;terraform","diskread":351715328,"mem":36511744,"netout":446,"disk":610500608,"maxdisk":20957446144,"diskwrite":11100160,"maxcpu":2,"netin":0,"vmid":100,"name":"control-plane","node":"pve-main"}]}
2025/12/27 02:11:31 >>>>>>>>>> REQUEST:
PUT /api2/json/nodes/pve-main/lxc/100/config HTTP/1.1
Host: 192.168.1.10:8006
User-Agent: Go-http-client/1.1
Content-Length: 205
Accept: application/json
Authorization: PVEAPIToken=root@pam!automation=83a03e46-7ce4-4999-8130-f64f660b9603
Content-Type: application/x-www-form-urlencoded
Accept-Encoding: gzip

arch=amd64&cmode=tty&console=1&cores=2&cpulimit=0&cpuunits=1024&hostname=control-plane&memory=2048&nameserver=1.1.1.1&onboot=1&ostype=ubuntu&protection=0&swap=512&tags=iac%3Bcontrol-plane%3Bterraform&tty=2
2025/12/27 02:11:31 <<<<<<<<<< RESULT:
HTTP/1.1 200 OK
Connection: close
Content-Length: 13
Cache-Control: max-age=0
Content-Type: application/json;charset=UTF-8
Date: Sat, 27 Dec 2025 01:11:31 GMT
Expires: Sat, 27 Dec 2025 01:11:31 GMT
Pragma: no-cache
Server: pve-api-daemon/3.0

{"data":null}
2025/12/27 02:11:31 >>>>>>>>>> REQUEST:
GET /api2/json/cluster/resources?type=vm HTTP/1.1
Host: 192.168.1.10:8006
User-Agent: Go-http-client/1.1
Accept: application/json
Authorization: PVEAPIToken=root@pam!automation=83a03e46-7ce4-4999-8130-f64f660b9603
Accept-Encoding: gzip

2025/12/27 02:11:31 <<<<<<<<<< RESULT:
HTTP/1.1 200 OK
Content-Length: 331
Cache-Control: max-age=0
Connection: Keep-Alive
Content-Type: application/json;charset=UTF-8
Date: Sat, 27 Dec 2025 01:11:31 GMT
Expires: Sat, 27 Dec 2025 01:11:31 GMT
Pragma: no-cache
Server: pve-api-daemon/3.0

{"data":[{"uptime":42,"template":0,"id":"lxc/100","maxmem":2147483648,"type":"lxc","cpu":0,"status":"running","tags":"control-plane;iac;terraform","diskread":351715328,"netout":446,"mem":36511744,"disk":610500608,"diskwrite":11100160,"maxdisk":20957446144,"node":"pve-main","name":"control-plane","netin":0,"vmid":100,"maxcpu":2}]}
2025/12/27 02:11:31 >>>>>>>>>> REQUEST:
GET /api2/json/nodes/pve-main/lxc/100/config HTTP/1.1
Host: 192.168.1.10:8006
User-Agent: Go-http-client/1.1
Accept: application/json
Authorization: PVEAPIToken=root@pam!automation=83a03e46-7ce4-4999-8130-f64f660b9603
Accept-Encoding: gzip

2025/12/27 02:11:31 <<<<<<<<<< RESULT:
HTTP/1.1 200 OK
Content-Length: 479
Cache-Control: max-age=0
Connection: Keep-Alive
Content-Type: application/json;charset=UTF-8
Date: Sat, 27 Dec 2025 01:11:31 GMT
Expires: Sat, 27 Dec 2025 01:11:31 GMT
Pragma: no-cache
Server: pve-api-daemon/3.0

{"data":{"ostype":"ubuntu","hostname":"control-plane","onboot":1,"rootfs":"local-lvm:vm-100-disk-0,size=20G","swap":512,"digest":"09ca4df63bb7c02c32182b7f880b0e8baf471e58","cpulimit":"0","cpuunits":1024,"net0":"name=eth0,bridge=vmbr0,gw=192.168.10.1,hwaddr=BC:24:11:37:78:26,ip=192.168.10.99/24,tag=10,type=veth","console":1,"protection":0,"arch":"amd64","unprivileged":1,"tty":2,"tags":"control-plane;iac;terraform","nameserver":"1.1.1.1","memory":2048,"cmode":"tty","cores":2}}
2025/12/27 02:11:31 >>>>>>>>>> REQUEST:
GET /api2/json/cluster/ha/resources/100 HTTP/1.1
Host: 192.168.1.10:8006
User-Agent: Go-http-client/1.1
Accept: application/json
Authorization: PVEAPIToken=root@pam!automation=83a03e46-7ce4-4999-8130-f64f660b9603
Accept-Encoding: gzip

2025/12/27 02:11:31 <<<<<<<<<< RESULT:
HTTP/1.1 500 no such resource 'ct:100'
Connection: close
Content-Length: 53
Cache-Control: max-age=0
Content-Type: application/json;charset=UTF-8
Date: Sat, 27 Dec 2025 01:11:31 GMT
Expires: Sat, 27 Dec 2025 01:11:31 GMT
Pragma: no-cache
Server: pve-api-daemon/3.0

{"data":null,"message":"no such resource 'ct:100'\n"}
2025/12/27 02:11:31 >>>>>>>>>> REQUEST:
GET /api2/json/pools HTTP/1.1
Host: 192.168.1.10:8006
User-Agent: Go-http-client/1.1
Accept: application/json
Authorization: PVEAPIToken=root@pam!automation=83a03e46-7ce4-4999-8130-f64f660b9603
Accept-Encoding: gzip

2025/12/27 02:11:31 <<<<<<<<<< RESULT:
HTTP/1.1 200 OK
Content-Length: 11
Cache-Control: max-age=0
Connection: Keep-Alive
Content-Type: application/json;charset=UTF-8
Date: Sat, 27 Dec 2025 01:11:31 GMT
Expires: Sat, 27 Dec 2025 01:11:31 GMT
Pragma: no-cache
Server: pve-api-daemon/3.0

{"data":[]}
